2024-06-15 00:35:45,668 ************************ process start ***************************************
2024-06-15 00:35:46,742 涨停数：39   跌停数：10
涨幅大于5%数：131  跌幅大于5%数：88
2024-06-15 00:45:25,666 **************"放量上涨"**************
[('301082', '久盛电气'), ('688693', '锴威特'), ('301208', '中亦科技'), ('301183', '东田微'), ('300502', '新易盛'), ('301221', '光庭信息'), ('300933', '中辰股份'), ('300308', '中际旭创'), ('001896', '豫能控股'), ('002767', '先锋电子'), ('603083', '剑桥科技'), ('600355', '精伦电子'), ('000793', '华闻集团'), ('300394', '天孚通信'), ('600022', '山东钢铁'), ('600837', '海通证券'), ('002588', '史丹利'), ('002463', '沪电股份'), ('301205', '联特科技'), ('300457', '赢合科技'), ('000736', '中交地产'), ('001267', '汇绿生态'), ('000936', '华西股份'), ('300337', '银邦股份'), ('300757', '罗博特科'), ('601615', '明阳智能'), ('600183', '生益科技'), ('300939', '秋田微'), ('002281', '光迅科技'), ('002530', '金财互联'), ('603220', '中贝通信'), ('688005', '容百科技'), ('603191', '望变电气'), ('603486', '科沃斯'), ('601211', '国泰君安'), ('002075', '沙钢股份'), ('002202', '金风科技'), ('601155', '新城控股'), ('000839', '中信国安'), ('300570', '太辰光'), ('300620', '光库科技'), ('603393', '新天然气'), ('688498', '源杰科技'), ('688318', 'DR财富趋'), ('000988', '华工科技'), ('601878', '浙商证券'), ('600052', '东望时代'), ('000617', '中油资本'), ('601099', '太平洋'), ('601881', '中国银河'), ('600318', '新力金融'), ('300803', '指南针'), ('002261', '拓维信息'), ('688609', '九联科技'), ('300033', '同花顺'), ('002142', '宁波银行'), ('002436', '兴森科技'), ('600884', '杉杉股份'), ('000766', '通化金马'), ('002032', '苏 泊 尔'), ('000581', '威孚高科'), ('301301', '川宁生物'), ('601995', '中金公司'), ('688248', '南网科技'), ('601198', '东兴证券'), ('603345', 'XD安井食'), ('601788', '光大证券'), ('600030', '中信证券')]
**************"放量上涨"**************

2024-06-15 00:45:56,706 **************"均线多头"**************
[('300502', '新易盛'), ('300175', '朗源股份'), ('688183', '生益电子'), ('002922', '伊戈尔'), ('002938', '鹏鼎控股'), ('301156', '美农生物'), ('300947', '德必集团'), ('300880', '迦南智能'), ('300563', '神宇股份'), ('836239', '长虹能源'), ('600183', '生益科技'), ('603737', '三棵树'), ('837046', '亿能电力'), ('603486', '科沃斯'), ('603228', '景旺电子'), ('002246', '北化股份'), ('834058', '华洋赛车'), ('000839', '中信国安'), ('300917', '特发服务'), ('600575', '淮河能源'), ('603516', '淳中科技'), ('300641', '正丹股份'), ('688676', 'XD金盘科'), ('002897', '意华股份'), ('300843', '胜蓝股份'), ('000702', '正虹科技'), ('300628', '亿联网络'), ('002305', '南国置业'), ('301301', '川宁生物'), ('689009', '九号公司-WD'), ('002130', '沃尔核材'), ('000560', '我爱我家'), ('002970', '锐明技术'), ('688139', '海尔生物'), ('002296', '辉煌科技'), ('601020', '华钰矿业'), ('600521', '华海药业'), ('601919', '中远海控'), ('002332', '仙琚制药'), ('000517', '荣安地产'), ('600420', '国药现代'), ('300779', '惠城环保'), ('000520', '凤凰航运'), ('600894', 'XD广日股'), ('002379', '宏创控股'), ('603809', '豪能股份'), ('000683', '远兴能源'), ('300950', '德固特'), ('002244', '滨江集团'), ('603067', '振华股份'), ('688519', '南亚新材'), ('002035', '华帝股份'), ('600719', '大连热电'), ('002532', '天山铝业'), ('002155', '湖南黄金'), ('603507', '振江股份'), ('838163', '方大新材'), ('002125', '湘潭电化'), ('603025', '大豪科技'), ('000830', '鲁西化工'), ('000422', '湖北宜化'), ('688766', '普冉股份'), ('301258', '富士莱'), ('603739', '蔚蓝生物'), ('300644', '南京聚隆'), ('300397', '天和防务'), ('002827', '高争民爆'), ('601101', '昊华能源'), ('600727', '鲁北化工'), ('600094', '大名城'), ('600066', '宇通客车'), ('300381', '溢多利'), ('003006', '百亚股份'), ('002225', '濮耐股份'), ('300910', '瑞丰新材'), ('300577', '开润股份'), ('002521', '齐峰新材'), ('301277', '新天地'), ('000913', '钱江摩托'), ('603669', '灵康药业'), ('000921', '海信家电'), ('603693', '江苏新能'), ('002128', '电投能源'), ('603515', '欧普照明'), ('300636', '同和药业'), ('301012', '扬电科技'), ('000875', '吉电股份'), ('688138', '清溢光电'), ('002992', '宝明科技'), ('301209', '联合化学'), ('300905', '宝丽迪'), ('603337', '杰克股份'), ('300298', '三诺生物'), ('301036', '双乐股份'), ('002773', '康弘药业'), ('300758', '七彩化学'), ('600789', '鲁抗医药'), ('688611', '杭州柯林'), ('600866', '星湖科技'), ('300836', '佰奥智能'), ('603358', '华达科技'), ('603823', '百合花'), ('000899', '赣能股份'), ('600644', '乐山电力'), ('002928', '华夏航空'), ('002264', '新 华 都'), ('300596', '利安隆'), ('688578', '艾力斯'), ('603173', '福斯达'), ('603713', '密尔克卫'), ('301033', '迈普医学'), ('300177', '中海达'), ('300424', '航新科技'), ('300775', '三角防务'), ('603097', '江苏华辰'), ('002455', '百川股份'), ('001301', '尚太科技'), ('300762', '上海瀚讯'), ('600889', '南京化纤'), ('600301', '华锡有色'), ('600843', '上工申贝'), ('301361', '众智科技'), ('600396', '金山股份'), ('688456', '有研粉材'), ('301260', '格力博'), ('001696', '宗申动力'), ('300529', '健帆生物'), ('300721', '怡达股份'), ('600505', '西昌电力'), ('600101', '明星电力'), ('688166', '博瑞医药'), ('688226', '威腾电气'), ('300320', '海达股份'), ('300040', '九洲集团'), ('603530', '神马电力'), ('688169', '石头科技'), ('300215', '电科院'), ('300573', '兴齐眼药'), ('002380', '科远智慧'), ('688506', '百利天恒-U'), ('688272', '富吉瑞'), ('301550', '斯菱股份'), ('300220', '金运激光'), ('605258', '协和电子'), ('301070', '开勒股份'), ('603009', '北特科技')]
**************"均线多头"**************

2024-06-15 00:46:40,592 **************"停机坪"**************
[('600312', '平高电气'), ('603776', '永安行'), ('301099', '雅创电子'), ('603324', '盛剑环境'), ('000037', '深南电A')]
**************"停机坪"**************

2024-06-15 00:50:09,419 **************"回踩年线"**************
[('300563', '神宇股份'), ('300917', '特发服务'), ('300843', '胜蓝股份'), ('300711', '广哈通信'), ('300139', '晓程科技'), ('600979', '广安爱众'), ('832471', 'XD美邦科'), ('300284', '苏交科'), ('603739', '蔚蓝生物'), ('300644', '南京聚隆'), ('600727', '鲁北化工'), ('600094', '大名城'), ('000620', '新华联'), ('300484', '蓝海华腾'), ('000913', '钱江摩托'), ('301012', '扬电科技'), ('000949', '新乡化纤'), ('300905', '宝丽迪'), ('300758', '七彩化学'), ('600789', '鲁抗医药'), ('600866', '星湖科技'), ('603823', '百合花'), ('000899', '赣能股份'), ('002625', '光启技术'), ('002264', '新 华 都'), ('300243', '瑞丰高材'), ('002455', '百川股份'), ('600843', '上工申贝'), ('688015', '交控科技'), ('300719', '安达维尔'), ('600505', '西昌电力'), ('300162', '雷曼光电')]
**************"回踩年线"**************

2024-06-15 00:50:26,061 **************"无大幅回撤"**************
[('002922', '伊戈尔'), ('002938', '鹏鼎控股')]
**************"无大幅回撤"**************

2024-06-15 00:51:59,462 **************"海龟交易法则"**************
[('301082', '久盛电气'), ('301395', '仁信新材'), ('688693', '锴威特'), ('301208', '中亦科技'), ('300502', '新易盛'), ('301251', '威尔高'), ('300308', '中际旭创'), ('301176', '逸豪新材'), ('688517', '金冠电气'), ('600830', '香溢融通'), ('002767', '先锋电子'), ('600992', '贵绳股份'), ('600179', '安通控股'), ('002856', '美芝股份'), ('688183', '生益电子'), ('600725', '云维股份'), ('002463', '沪电股份'), ('301132', '满坤科技'), ('688720', '艾森股份'), ('002922', '伊戈尔'), ('300457', '赢合科技'), ('002815', '崇达技术'), ('688633', '星球石墨'), ('002938', '鹏鼎控股'), ('300476', '胜宏科技'), ('301548', '崇德科技'), ('601615', '明阳智能'), ('300098', '高新兴'), ('600183', '生益科技'), ('688090', '瑞松科技'), ('837046', '亿能电力'), ('601138', '工业富联'), ('603633', '徕木股份'), ('603228', '景旺电子'), ('000839', '中信国安'), ('600312', '平高电气'), ('002916', '深南电路'), ('002384', '东山精密'), ('300736', '百邦科技'), ('600575', '淮河能源'), ('000796', '*ST凯撒'), ('600052', '东望时代'), ('300787', '海能实业'), ('600246', '万通发展'), ('002475', '立讯精密'), ('301359', '东南电子'), ('603920', '世运电路'), ('002322', '理工能科'), ('002869', '金溢科技'), ('300862', '蓝盾光电'), ('603383', '顶点软件'), ('603328', '依顿电子'), ('300628', '亿联网络'), ('600757', '长江传媒'), ('688256', '寒武纪-U'), ('300698', '万马科技'), ('301127', '天源环保'), ('603986', '兆易创新'), ('601298', '青岛港'), ('605111', 'DR新洁能'), ('002025', '航天电器'), ('002252', '上海莱士'), ('300433', '蓝思科技'), ('601811', '新华文轩'), ('002700', 'ST浩源'), ('002993', '奥海科技'), ('603568', '伟明环保'), ('688608', '恒玄科技'), ('600398', '海澜之家'), ('002179', '中航光电'), ('688099', '晶晨股份'), ('002635', '安洁科技'), ('603324', '盛剑环境'), ('300864', '南大环境'), ('600803', '新奥股份'), ('002409', '雅克科技'), ('601098', '中南传媒'), ('300408', '三环集团'), ('601231', '环旭电子'), ('833455', '汇隆活塞'), ('603380', '易德龙'), ('688766', '普冉股份'), ('603160', '汇顶科技'), ('605598', '上海港湾'), ('002653', '海思科'), ('603855', '华荣股份'), ('002594', '比亚迪')]
**************"海龟交易法则"**************

2024-06-15 00:52:02,286 **************"高而窄的旗形"**************
[('301176', '逸豪新材'), ('300046', '台基股份'), ('300262', '*ST巴安')]
**************"高而窄的旗形"**************

2024-06-15 00:52:08,473 **************"放量跌停"**************
[('300630', '普利制药')]
**************"放量跌停"**************

2024-06-15 00:52:11,409 ************************ process   end ***************************************
